<?xml version="1.0" encoding="UTF-8"?>
<testsuite name="ParkingLotTest" tests="1" skipped="0" failures="0" errors="0" timestamp="2020-06-14T12:30:00" hostname="admin1-HP-Notebook" time="0.001">
  <properties/>
  <testcase name="giveAVehicle_WhenAlreadyUnParked_ShouldReturnFlase" classname="ParkingLotTest" time="0.001"/>
  <system-out><![CDATA[]]></system-out>
  <system-err><![CDATA[]]></system-err>
</testsuite>
